#
# There is insufficient memory for the Java Runtime Environment to continue.
# Native memory allocation (mmap) failed to map 67108864 bytes for G1 virtual space
# Possible reasons:
#   The system is out of physical RAM or swap space
#   The process is running with CompressedOops enabled, and the Java Heap may be blocking the growth of the native heap
# Possible solutions:
#   Reduce memory load on the system
#   Increase physical memory or swap space
#   Check if swap backing store is full
#   Decrease Java heap size (-Xmx/-Xms)
#   Decrease number of Java threads
#   Decrease Java thread stack sizes (-Xss)
#   Set larger code cache with -XX:ReservedCodeCacheSize=
#   JVM is running with Unscaled Compressed Oops mode in which the Java heap is
#     placed in the first 4GB address space. The Java Heap base address is the
#     maximum limit for the native heap growth. Please use -XX:HeapBaseMinAddress
#     to set the Java Heap base and to place the Java Heap above 4GB virtual address.
# This output file may be truncated or incomplete.
#
#  Out of Memory Error (os_windows.cpp:3548), pid=1776, tid=13240
#
# JRE version:  (17.0.10+11) (build )
# Java VM: Java HotSpot(TM) 64-Bit Server VM (17.0.10+11-LTS-240, mixed mode, sharing, tiered, compressed oops, compressed class ptrs, g1 gc, windows-amd64)
# No core dump will be written. Minidumps are not enabled by default on client versions of Windows
#

---------------  S U M M A R Y ------------

Command Line: org.jetbrains.kotlin.cli.jvm.K2JVMCompiler @C:\Users\Pc world\Desktop\Kiraydar\Kiraydar\android\app\build\20240728_12564036846383793020.compiler.options

Host: Intel(R) Core(TM) i5-4200U CPU @ 1.60GHz, 4 cores, 3G,  Windows 10 , 64 bit Build 19041 (10.0.19041.4717)
Time: Sun Jul 28 15:55:05 2024 Pakistan Standard Time elapsed time: 0.153563 seconds (0d 0h 0m 0s)

---------------  T H R E A D  ---------------

Current thread (0x000002a911eb9810):  JavaThread "Unknown thread" [_thread_in_vm, id=13240, stack(0x000000f54c300000,0x000000f54c400000)]

Stack: [0x000000f54c300000,0x000000f54c400000]
Native frames: (J=compiled Java code, j=interpreted, Vv=VM code, C=native code)
V  [jvm.dll+0x677a5a]
V  [jvm.dll+0x7d8b2d]
V  [jvm.dll+0x7da48e]
V  [jvm.dll+0x7daaf3]
V  [jvm.dll+0x2455ff]
V  [jvm.dll+0x6749b9]
V  [jvm.dll+0x669382]
V  [jvm.dll+0x302e96]
V  [jvm.dll+0x30a416]
V  [jvm.dll+0x359cbe]
V  [jvm.dll+0x359eef]
V  [jvm.dll+0x2d9e88]
V  [jvm.dll+0x2dadf4]
V  [jvm.dll+0x7aa551]
V  [jvm.dll+0x367911]
V  [jvm.dll+0x789639]
V  [jvm.dll+0x3eb30f]
V  [jvm.dll+0x3ecd91]
C  [jli.dll+0x5297]
C  [ucrtbase.dll+0x21bb2]
C  [KERNEL32.DLL+0x17374]
C  [ntdll.dll+0x4cc91]


---------------  P R O C E S S  ---------------

Threads class SMR info:
_java_thread_list=0x00007ff94a036a18, length=0, elements={
}

Java Threads: ( => current thread )

Other Threads:
  0x000002a911ef3970 GCTaskThread "GC Thread#0" [stack: 0x000000f54c400000,0x000000f54c500000] [id=7420]
  0x000002a911efc680 ConcurrentGCThread "G1 Main Marker" [stack: 0x000000f54c500000,0x000000f54c600000] [id=11800]
  0x000002a911efd090 ConcurrentGCThread "G1 Conc#0" [stack: 0x000000f54c600000,0x000000f54c700000] [id=14648]

[error occurred during error reporting (printing all threads), id 0xc0000005, EXCEPTION_ACCESS_VIOLATION (0xc0000005) at pc=0x00007ff94986aae7]

VM state: not at safepoint (not fully initialized)

VM Mutex/Monitor currently owned by a thread:  ([mutex/lock_event])
[0x000002a911eb6080] Heap_lock - owner thread: 0x000002a911eb9810

Heap address: 0x00000000c1200000, size: 1006 MB, Compressed Oops mode: 32-bit

CDS archive(s) mapped at: [0x0000000000000000-0x0000000000000000-0x0000000000000000), size 0, SharedBaseAddress: 0x0000000800000000, ArchiveRelocationMode: 1.
Narrow klass base: 0x0000000000000000, Narrow klass shift: 0, Narrow klass range: 0x0

GC Precious Log:
<Empty>

Heap:
 garbage-first heap   total 0K, used 0K [0x00000000c1200000, 0x0000000100000000)
  region size 1024K, 0 young (0K), 0 survivors (0K)

[error occurred during error reporting (printing heap information), id 0xc0000005, EXCEPTION_ACCESS_VIOLATION (0xc0000005) at pc=0x00007ff949c51249]

GC Heap History (0 events):
No events

Deoptimization events (0 events):
No events

Classes unloaded (0 events):
No events

Classes redefined (0 events):
No events

Internal exceptions (0 events):
No events

VM Operations (0 events):
No events

Events (1 events):
Event: 0.055 Loaded shared library C:\Program Files\Java\jdk-17\bin\java.dll


Dynamic libraries:
0x00007ff6dc550000 - 0x00007ff6dc560000 	C:\Program Files\Java\jdk-17\bin\java.exe
0x00007ff9ebbd0000 - 0x00007ff9ebdc8000 	C:\Windows\SYSTEM32\ntdll.dll
0x00007ff9eb150000 - 0x00007ff9eb211000 	C:\Windows\System32\KERNEL32.DLL
0x00007ff9e9540000 - 0x00007ff9e983d000 	C:\Windows\System32\KERNELBASE.dll
0x00007ff9e9410000 - 0x00007ff9e9510000 	C:\Windows\System32\ucrtbase.dll
0x00007ff9e2240000 - 0x00007ff9e2259000 	C:\Program Files\Java\jdk-17\bin\jli.dll
0x00007ff9eafc0000 - 0x00007ff9eb070000 	C:\Windows\System32\ADVAPI32.dll
0x00007ff9eaea0000 - 0x00007ff9eaf3e000 	C:\Windows\System32\msvcrt.dll
0x00007ff9eb280000 - 0x00007ff9eb320000 	C:\Windows\System32\sechost.dll
0x00007ff9eb820000 - 0x00007ff9eb943000 	C:\Windows\System32\RPCRT4.dll
0x00007ff9e9840000 - 0x00007ff9e9867000 	C:\Windows\System32\bcrypt.dll
0x00007ff9ea020000 - 0x00007ff9ea1bd000 	C:\Windows\System32\USER32.dll
0x00007ff9e9510000 - 0x00007ff9e9532000 	C:\Windows\System32\win32u.dll
0x00007ff9eb380000 - 0x00007ff9eb3ab000 	C:\Windows\System32\GDI32.dll
0x00007ff9e9980000 - 0x00007ff9e9a97000 	C:\Windows\System32\gdi32full.dll
0x00007ff9e9870000 - 0x00007ff9e990d000 	C:\Windows\System32\msvcp_win.dll
0x00007ff9d6300000 - 0x00007ff9d659a000 	C:\Windows\WinSxS\amd64_microsoft.windows.common-controls_6595b64144ccf1df_6.0.19041.4355_none_60b8b9eb71f62e16\COMCTL32.dll
0x00007ff9d9870000 - 0x00007ff9d987a000 	C:\Windows\SYSTEM32\VERSION.dll
0x00007ff9d2d20000 - 0x00007ff9d2d3b000 	C:\Program Files\Java\jdk-17\bin\VCRUNTIME140.dll
0x00007ff9e9c00000 - 0x00007ff9e9c2f000 	C:\Windows\System32\IMM32.DLL
0x00007ff9e57b0000 - 0x00007ff9e57bc000 	C:\Program Files\Java\jdk-17\bin\vcruntime140_1.dll
0x00007ff9d0cb0000 - 0x00007ff9d0d3e000 	C:\Program Files\Java\jdk-17\bin\msvcp140.dll
0x00007ff949580000 - 0x00007ff94a15f000 	C:\Program Files\Java\jdk-17\bin\server\jvm.dll
0x00007ff9ea290000 - 0x00007ff9ea298000 	C:\Windows\System32\PSAPI.DLL
0x00007ff9e57d0000 - 0x00007ff9e57d9000 	C:\Windows\SYSTEM32\WSOCK32.dll
0x00007ff9eaf40000 - 0x00007ff9eafab000 	C:\Windows\System32\WS2_32.dll
0x00007ff9d79a0000 - 0x00007ff9d79c7000 	C:\Windows\SYSTEM32\WINMM.dll
0x00007ff9e70c0000 - 0x00007ff9e70d2000 	C:\Windows\SYSTEM32\kernel.appcore.dll
0x00007ff9d9e60000 - 0x00007ff9d9e6a000 	C:\Program Files\Java\jdk-17\bin\jimage.dll
0x00007ff9d7a30000 - 0x00007ff9d7c14000 	C:\Windows\SYSTEM32\DBGHELP.DLL
0x00007ff9d7280000 - 0x00007ff9d72b4000 	C:\Windows\SYSTEM32\dbgcore.DLL
0x00007ff9e9380000 - 0x00007ff9e9402000 	C:\Windows\System32\bcryptPrimitives.dll
0x00007ff9d11a0000 - 0x00007ff9d11c5000 	C:\Program Files\Java\jdk-17\bin\java.dll

dbghelp: loaded successfully - version: 4.0.5 - missing functions: none
symbol engine: initialized successfully - sym options: 0x614 - pdb path: .;C:\Program Files\Java\jdk-17\bin;C:\Windows\SYSTEM32;C:\Windows\WinSxS\amd64_microsoft.windows.common-controls_6595b64144ccf1df_6.0.19041.4355_none_60b8b9eb71f62e16;C:\Program Files\Java\jdk-17\bin\server

VM Arguments:
java_command: org.jetbrains.kotlin.cli.jvm.K2JVMCompiler @C:\Users\Pc world\Desktop\Kiraydar\Kiraydar\android\app\build\20240728_12564036846383793020.compiler.options
java_class_path (initial): C:\Users\Pc world\.gradle\caches\modules-2\files-2.1\org.jetbrains.kotlin\kotlin-compiler-embeddable\1.9.22\9cd4dc7773cf2a99ecd961a88fbbc9a2da3fb5e1\kotlin-compiler-embeddable-1.9.22.jar;C:\Users\Pc world\.gradle\caches\modules-2\files-2.1\org.jetbrains.kotlin\kotlin-stdlib\1.9.22\d6c44cd08d8f3f9bece8101216dbe6553365c6e3\kotlin-stdlib-1.9.22.jar;C:\Users\Pc world\.gradle\caches\modules-2\files-2.1\org.jetbrains.kotlin\kotlin-script-runtime\1.9.22\f8139a46fc677ec9badc49ae954392f4f5e7e7c7\kotlin-script-runtime-1.9.22.jar;C:\Users\Pc world\.gradle\caches\modules-2\files-2.1\org.jetbrains.kotlin\kotlin-reflect\1.6.10\1cbe9c92c12a94eea200d23c2bbaedaf3daf5132\kotlin-reflect-1.6.10.jar;C:\Users\Pc world\.gradle\caches\modules-2\files-2.1\org.jetbrains.kotlin\kotlin-daemon-embeddable\1.9.22\20e2c5df715f3240c765cfc222530e2796542021\kotlin-daemon-embeddable-1.9.22.jar;C:\Users\Pc world\.gradle\caches\modules-2\files-2.1\org.jetbrains.intellij.deps\trove4j\1.0.20200330\3afb14d5f9ceb459d724e907a21145e8ff394f02\trove4j-1.0.20200330.jar;C:\Users\Pc world\.gradle\caches\modules-2\files-2.1\org.jetbrains\annotations\13.0\919f0dfe192fb4e063e7dacadee7f8bb9a2672a9\annotations-13.0.jar
Launcher Type: SUN_STANDARD

[Global flags]
     intx CICompilerCount                          = 3                                         {product} {ergonomic}
     uint ConcGCThreads                            = 1                                         {product} {ergonomic}
     uint G1ConcRefinementThreads                  = 4                                         {product} {ergonomic}
   size_t G1HeapRegionSize                         = 1048576                                   {product} {ergonomic}
    uintx GCDrainStackTargetSize                   = 64                                        {product} {ergonomic}
   size_t InitialHeapSize                          = 67108864                                  {product} {ergonomic}
   size_t MarkStackSize                            = 4194304                                   {product} {ergonomic}
   size_t MaxHeapSize                              = 1054867456                                {product} {ergonomic}
   size_t MinHeapDeltaBytes                        = 1048576                                   {product} {ergonomic}
   size_t MinHeapSize                              = 8388608                                   {product} {ergonomic}
    uintx NonNMethodCodeHeapSize                   = 5832780                                {pd product} {ergonomic}
    uintx NonProfiledCodeHeapSize                  = 122912730                              {pd product} {ergonomic}
    uintx ProfiledCodeHeapSize                     = 122912730                              {pd product} {ergonomic}
    uintx ReservedCodeCacheSize                    = 251658240                              {pd product} {ergonomic}
     bool SegmentedCodeCache                       = true                                      {product} {ergonomic}
   size_t SoftMaxHeapSize                          = 1054867456                             {manageable} {ergonomic}
     bool UseCompressedClassPointers               = true                           {product lp64_product} {ergonomic}
     bool UseCompressedOops                        = true                           {product lp64_product} {ergonomic}
     bool UseG1GC                                  = true                                      {product} {ergonomic}
     bool UseLargePagesIndividualAllocation        = false                                  {pd product} {ergonomic}

Logging:
Log output configuration:
 #0: stdout all=warning uptime,level,tags
 #1: stderr all=off uptime,level,tags

Environment Variables:
JAVA_HOME=C:\Users\Pc world\AppData\Local\jdk-11.0.2
CLASSPATH=C:\Users\Pc world\Desktop\Kiraydar\Kiraydar\android\\gradle\wrapper\gradle-wrapper.jar
PATH=C:\Users\Pc world\Desktop\Kiraydar\Kiraydar\node_modules\.bin;C:\Users\Pc world\Desktop\Kiraydar\node_modules\.bin;C:\Users\Pc world\Desktop\node_modules\.bin;C:\Users\Pc world\node_modules\.bin;C:\Users\node_modules\.bin;C:\node_modules\.bin;C:\Users\Pc world\AppData\Roaming\npm\node_modules\npm\node_modules\@npmcli\run-script\lib\node-gyp-bin;C:\Program Files\Common Files\Oracle\Java\javapath;C:\Program Files\OpenLogic\jdk-21.0.3.1-hotspot\bin;C:\Program Files\Microsoft\jdk-17.0.10.7-hotspot\bin;C:\Python312\Scripts\;C:\Python312\;C:\Windows\system32;C:\Windows;C:\Windows\System32\Wbem;C:\Windows\System32\WindowsPowerShell\v1.0\;C:\Windows\System32\OpenSSH\;C:\ProgramData\chocolatey\bin;C:\MinGW\bin;C:\Program Files\Git\cmd;C:\Program Files\Git\mingw64\bin;C:\Program Files\Git\usr\bin;C:\Program Files\nodejs\;C:\Users\Pc world\AppData\Local\Android\Sdk;C:\Users\Pc world\AppData\Local\Android\Sdk\platform-tools;C:\scrcpy;C:\Users\Pc world\AppData\Local\jdk-11.0.2\bin;C:\Users\Pc world\AppData\Local\Microsoft\WindowsApps;C:\Users\Pc world\AppData\Local\Programs\Microsoft VS Code\bin;C:\Users\Pc world\AppData\Roaming\npm;C:\Users\Pc world\AppData\Local\Android\Sdk\platform-tools;C:\Users\Pc world\AppData\Local\Android\Sdk;C:\Users\Pc world\AppData\Local\Android\Sdk\emulator;C:\Users\Pc world\AppData\Local\Android\Sdk\tools;C:\Users\Pc world\AppData\Local\Android\Sdk\tools\bin;
USERNAME=Pc world
OS=Windows_NT
PROCESSOR_IDENTIFIER=Intel64 Family 6 Model 69 Stepping 1, GenuineIntel



---------------  S Y S T E M  ---------------

OS:
 Windows 10 , 64 bit Build 19041 (10.0.19041.4717)
OS uptime: 1 days 1:00 hours
Hyper-V role detected

CPU: total 4 (initial active 4) (2 cores per cpu, 2 threads per core) family 6 model 69 stepping 1 microcode 0x25, cx8, cmov, fxsr, ht, mmx, sse, sse2, sse3, ssse3, sse4.1, sse4.2, popcnt, lzcnt, tsc, tscinvbit, avx, avx2, aes, erms, clmul, bmi1, bmi2, fma, vzeroupper, clflush, hv

Memory: 4k page, system-wide physical 4017M (311M free)
TotalPageFile size 11307M (AvailPageFile size 26M)
current process WorkingSet (physical memory assigned to process): 10M, peak: 10M
current process commit charge ("private bytes"): 51M, peak: 115M

vm_info: Java HotSpot(TM) 64-Bit Server VM (17.0.10+11-LTS-240) for windows-amd64 JRE (17.0.10+11-LTS-240), built on Dec 19 2023 21:47:25 by "mach5one" with MS VC++ 17.1 (VS2022)

END.
